mode: atomic
github.com/savabush/obsidian-sync/cmd/obsidian-sync-cli/main.go:7.13,9.2 1 0
github.com/savabush/obsidian-sync/cmd/obsidian-sync-schedule/main.go:14.13,18.6 4 0
github.com/savabush/obsidian-sync/cmd/obsidian-sync-schedule/main.go:18.6,19.10 1 0
github.com/savabush/obsidian-sync/cmd/obsidian-sync-schedule/main.go:20.19,21.9 1 0
github.com/savabush/obsidian-sync/cmd/obsidian-sync-schedule/main.go:22.15,25.10 3 0
github.com/savabush/obsidian-sync/internal/lib/test_helper.go:17.67,17.89 1 0
github.com/savabush/obsidian-sync/internal/lib/test_helper.go:18.67,18.101 1 0
github.com/savabush/obsidian-sync/internal/lib/test_helper.go:19.67,19.89 1 0
github.com/savabush/obsidian-sync/internal/lib/test_helper.go:20.67,20.101 1 0
github.com/savabush/obsidian-sync/internal/lib/test_helper.go:21.67,21.89 1 0
github.com/savabush/obsidian-sync/internal/lib/test_helper.go:22.67,22.101 1 0
github.com/savabush/obsidian-sync/internal/lib/test_helper.go:23.67,23.89 1 0
github.com/savabush/obsidian-sync/internal/lib/test_helper.go:24.67,24.101 1 0
github.com/savabush/obsidian-sync/internal/lib/test_helper.go:25.67,25.89 1 0
github.com/savabush/obsidian-sync/internal/lib/test_helper.go:26.67,26.101 1 0
github.com/savabush/obsidian-sync/internal/lib/test_helper.go:27.67,27.89 1 0
github.com/savabush/obsidian-sync/internal/lib/test_helper.go:28.67,28.101 1 0
github.com/savabush/obsidian-sync/internal/lib/test_helper.go:33.13,38.2 2 0
github.com/savabush/obsidian-sync/internal/lib/test_helper.go:40.43,46.16 3 0
github.com/savabush/obsidian-sync/internal/lib/test_helper.go:46.16,48.3 1 0
github.com/savabush/obsidian-sync/internal/config/config.go:39.41,46.2 1 0
github.com/savabush/obsidian-sync/internal/config/config.go:48.26,50.56 1 0
github.com/savabush/obsidian-sync/internal/config/config.go:50.56,51.54 1 0
github.com/savabush/obsidian-sync/internal/config/config.go:51.54,52.23 1 0
github.com/savabush/obsidian-sync/internal/config/config.go:54.11,56.50 1 0
github.com/savabush/obsidian-sync/internal/config/config.go:56.50,57.35 1 0
github.com/savabush/obsidian-sync/internal/config/config.go:57.35,59.14 1 0
github.com/savabush/obsidian-sync/internal/config/config.go:60.15,62.10 1 0
github.com/savabush/obsidian-sync/internal/config/config.go:65.5,66.23 2 0
github.com/savabush/obsidian-sync/internal/config/config.go:66.23,68.6 1 0
github.com/savabush/obsidian-sync/internal/config/config.go:70.5,71.19 2 0
github.com/savabush/obsidian-sync/internal/config/config.go:71.19,72.19 1 0
github.com/savabush/obsidian-sync/internal/config/config.go:75.5,102.6 1 0
github.com/savabush/obsidian-sync/internal/config/logger.go:11.13,13.19 2 0
github.com/savabush/obsidian-sync/internal/config/logger.go:13.19,16.3 1 0
github.com/savabush/obsidian-sync/internal/config/logger.go:17.2,17.33 1 0
github.com/savabush/obsidian-sync/internal/config/logger.go:17.33,19.3 1 0
github.com/savabush/obsidian-sync/internal/config/logger.go:20.2,20.36 1 0
github.com/savabush/obsidian-sync/internal/database/minio/repository.go:80.63,91.16 3 0
github.com/savabush/obsidian-sync/internal/database/minio/repository.go:91.16,93.3 1 0
github.com/savabush/obsidian-sync/internal/database/minio/repository.go:95.2,118.18 4 0
github.com/savabush/obsidian-sync/internal/database/minio/repository.go:125.50,127.26 2 0
github.com/savabush/obsidian-sync/internal/database/minio/repository.go:127.26,129.3 1 0
github.com/savabush/obsidian-sync/internal/database/minio/repository.go:130.2,135.27 4 0
github.com/savabush/obsidian-sync/internal/database/minio/repository.go:135.27,138.3 2 0
github.com/savabush/obsidian-sync/internal/database/minio/repository.go:138.8,138.28 1 0
github.com/savabush/obsidian-sync/internal/database/minio/repository.go:138.28,140.17 2 0
github.com/savabush/obsidian-sync/internal/database/minio/repository.go:140.17,142.4 1 0
github.com/savabush/obsidian-sync/internal/database/minio/repository.go:143.3,146.17 3 0
github.com/savabush/obsidian-sync/internal/database/minio/repository.go:146.17,148.4 1 0
github.com/savabush/obsidian-sync/internal/database/minio/repository.go:150.3,151.19 2 0
github.com/savabush/obsidian-sync/internal/database/minio/repository.go:152.8,154.3 1 0
github.com/savabush/obsidian-sync/internal/database/minio/repository.go:156.2,158.16 3 0
github.com/savabush/obsidian-sync/internal/database/minio/repository.go:158.16,160.3 1 0
github.com/savabush/obsidian-sync/internal/database/minio/repository.go:162.2,163.12 2 0
github.com/savabush/obsidian-sync/internal/database/minio/repository.go:170.56,177.85 5 0
github.com/savabush/obsidian-sync/internal/database/minio/repository.go:177.85,178.17 1 0
github.com/savabush/obsidian-sync/internal/database/minio/repository.go:178.17,180.4 1 0
github.com/savabush/obsidian-sync/internal/database/minio/repository.go:181.3,181.19 1 0
github.com/savabush/obsidian-sync/internal/database/minio/repository.go:181.19,183.4 1 0
github.com/savabush/obsidian-sync/internal/database/minio/repository.go:185.3,186.17 2 0
github.com/savabush/obsidian-sync/internal/database/minio/repository.go:186.17,188.4 1 0
github.com/savabush/obsidian-sync/internal/database/minio/repository.go:190.3,191.40 2 0
github.com/savabush/obsidian-sync/internal/database/minio/repository.go:191.40,194.17 3 0
github.com/savabush/obsidian-sync/internal/database/minio/repository.go:194.17,194.32 1 0
github.com/savabush/obsidian-sync/internal/database/minio/repository.go:196.4,201.50 2 0
github.com/savabush/obsidian-sync/internal/database/minio/repository.go:201.50,203.5 1 0
github.com/savabush/obsidian-sync/internal/database/minio/repository.go:206.3,206.13 1 0
github.com/savabush/obsidian-sync/internal/database/minio/repository.go:209.2,209.16 1 0
github.com/savabush/obsidian-sync/internal/database/minio/repository.go:209.16,211.3 1 0
github.com/savabush/obsidian-sync/internal/database/minio/repository.go:214.2,219.27 4 0
github.com/savabush/obsidian-sync/internal/database/minio/repository.go:219.27,221.3 1 0
github.com/savabush/obsidian-sync/internal/database/minio/repository.go:223.2,223.19 1 0
github.com/savabush/obsidian-sync/internal/database/minio/repository.go:223.19,225.3 1 0
github.com/savabush/obsidian-sync/internal/database/minio/repository.go:227.2,227.12 1 0
github.com/savabush/obsidian-sync/internal/database/minio/repository.go:234.55,236.54 2 0
github.com/savabush/obsidian-sync/internal/database/minio/repository.go:236.54,237.18 1 0
github.com/savabush/obsidian-sync/internal/database/minio/repository.go:237.18,240.4 2 0
github.com/savabush/obsidian-sync/internal/database/minio/repository.go:242.3,243.67 2 0
github.com/savabush/obsidian-sync/internal/database/minio/repository.go:243.67,245.12 2 0
github.com/savabush/obsidian-sync/internal/database/minio/repository.go:247.3,247.13 1 0
github.com/savabush/obsidian-sync/internal/database/minio/repository.go:247.13,249.4 1 0
github.com/savabush/obsidian-sync/internal/database/minio/repository.go:251.3,251.44 1 0
github.com/savabush/obsidian-sync/internal/database/minio/repository.go:251.44,253.4 1 0
github.com/savabush/obsidian-sync/internal/database/minio/repository.go:253.9,255.4 1 0
github.com/savabush/obsidian-sync/internal/database/minio/repository.go:257.2,257.74 1 0
github.com/savabush/obsidian-sync/internal/database/minio/repository.go:263.69,265.16 2 0
github.com/savabush/obsidian-sync/internal/database/minio/repository.go:265.16,266.53 1 0
github.com/savabush/obsidian-sync/internal/database/minio/repository.go:266.53,268.4 1 0
github.com/savabush/obsidian-sync/internal/database/minio/repository.go:269.3,269.20 1 0
github.com/savabush/obsidian-sync/internal/database/minio/repository.go:271.2,271.18 1 0
github.com/savabush/obsidian-sync/internal/database/minio/repository.go:275.47,277.2 1 0
github.com/savabush/obsidian-sync/internal/database/minio/repository.go:280.41,282.2 1 0
github.com/savabush/obsidian-sync/internal/database/minio/repository.go:285.52,287.2 1 0
github.com/savabush/obsidian-sync/internal/services/obsidian.go:23.26,26.16 3 0
github.com/savabush/obsidian-sync/internal/services/obsidian.go:26.16,28.3 1 0
github.com/savabush/obsidian-sync/internal/services/obsidian.go:29.2,30.32 2 0
github.com/savabush/obsidian-sync/internal/services/obsidian.go:30.32,31.20 1 0
github.com/savabush/obsidian-sync/internal/services/obsidian.go:31.20,32.88 1 0
github.com/savabush/obsidian-sync/internal/services/obsidian.go:32.88,35.19 3 0
github.com/savabush/obsidian-sync/internal/services/obsidian.go:35.19,37.6 1 0
github.com/savabush/obsidian-sync/internal/services/obsidian.go:41.2,41.20 1 0
github.com/savabush/obsidian-sync/internal/services/obsidian.go:41.20,42.54 1 0
github.com/savabush/obsidian-sync/internal/services/obsidian.go:44.2,44.41 1 0
github.com/savabush/obsidian-sync/internal/services/obsidian.go:54.34,56.47 2 0
github.com/savabush/obsidian-sync/internal/services/obsidian.go:56.47,57.25 1 0
github.com/savabush/obsidian-sync/internal/services/obsidian.go:57.25,58.18 1 0
github.com/savabush/obsidian-sync/internal/services/obsidian.go:58.18,60.5 1 0
github.com/savabush/obsidian-sync/internal/services/obsidian.go:61.9,64.18 3 0
github.com/savabush/obsidian-sync/internal/services/obsidian.go:64.18,66.5 1 0
github.com/savabush/obsidian-sync/internal/services/obsidian.go:86.50,88.16 2 0
github.com/savabush/obsidian-sync/internal/services/obsidian.go:88.16,90.3 1 0
github.com/savabush/obsidian-sync/internal/services/obsidian.go:91.2,94.44 3 0
github.com/savabush/obsidian-sync/internal/services/obsidian.go:94.44,96.3 1 0
github.com/savabush/obsidian-sync/internal/services/obsidian.go:97.2,99.25 3 0
github.com/savabush/obsidian-sync/internal/app/app.go:30.12,45.16 4 0
github.com/savabush/obsidian-sync/internal/app/app.go:45.16,47.3 1 0
github.com/savabush/obsidian-sync/internal/app/app.go:49.2,53.16 4 0
github.com/savabush/obsidian-sync/internal/app/app.go:53.16,55.3 1 0
github.com/savabush/obsidian-sync/internal/app/app.go:57.2,58.16 2 0
github.com/savabush/obsidian-sync/internal/app/app.go:58.16,60.3 1 0
github.com/savabush/obsidian-sync/internal/app/app.go:62.2,71.16 4 0
github.com/savabush/obsidian-sync/internal/app/app.go:71.16,73.3 1 0
github.com/savabush/obsidian-sync/internal/app/app.go:74.2,101.16 4 0
github.com/savabush/obsidian-sync/internal/app/app.go:101.16,103.3 1 0
github.com/savabush/obsidian-sync/internal/app/app.go:104.2,104.32 1 0
github.com/savabush/obsidian-sync/internal/app/app.go:104.32,105.20 1 0
github.com/savabush/obsidian-sync/internal/app/app.go:105.20,106.24 1 0
github.com/savabush/obsidian-sync/internal/app/app.go:107.24,114.77 3 0
github.com/savabush/obsidian-sync/internal/app/app.go:114.77,116.6 1 0
github.com/savabush/obsidian-sync/internal/app/app.go:123.2,123.75 1 0
github.com/savabush/obsidian-sync/internal/config/config.go:39.41,46.2 1 0
github.com/savabush/obsidian-sync/internal/config/config.go:48.26,50.56 1 1
github.com/savabush/obsidian-sync/internal/config/config.go:50.56,51.54 1 0
github.com/savabush/obsidian-sync/internal/config/config.go:51.54,52.23 1 0
github.com/savabush/obsidian-sync/internal/config/config.go:54.11,56.50 1 1
github.com/savabush/obsidian-sync/internal/config/config.go:56.50,57.35 1 1
github.com/savabush/obsidian-sync/internal/config/config.go:57.35,59.14 1 1
github.com/savabush/obsidian-sync/internal/config/config.go:60.15,62.10 1 0
github.com/savabush/obsidian-sync/internal/config/config.go:65.5,66.23 2 1
github.com/savabush/obsidian-sync/internal/config/config.go:66.23,68.6 1 1
github.com/savabush/obsidian-sync/internal/config/config.go:70.5,71.19 2 1
github.com/savabush/obsidian-sync/internal/config/config.go:71.19,72.19 1 0
github.com/savabush/obsidian-sync/internal/config/config.go:75.5,102.6 1 1
github.com/savabush/obsidian-sync/internal/config/logger.go:11.13,13.19 2 1
github.com/savabush/obsidian-sync/internal/config/logger.go:13.19,16.3 1 1
github.com/savabush/obsidian-sync/internal/config/logger.go:17.2,17.33 1 1
github.com/savabush/obsidian-sync/internal/config/logger.go:17.33,19.3 1 0
github.com/savabush/obsidian-sync/internal/config/logger.go:20.2,20.36 1 1
github.com/savabush/obsidian-sync/internal/database/minio/repository.go:80.63,91.16 3 7
github.com/savabush/obsidian-sync/internal/database/minio/repository.go:91.16,93.3 1 0
github.com/savabush/obsidian-sync/internal/database/minio/repository.go:95.2,118.18 4 7
github.com/savabush/obsidian-sync/internal/database/minio/repository.go:125.50,127.26 2 10
github.com/savabush/obsidian-sync/internal/database/minio/repository.go:127.26,129.3 1 0
github.com/savabush/obsidian-sync/internal/database/minio/repository.go:130.2,135.27 4 10
github.com/savabush/obsidian-sync/internal/database/minio/repository.go:135.27,138.3 2 2
github.com/savabush/obsidian-sync/internal/database/minio/repository.go:138.8,138.28 1 8
github.com/savabush/obsidian-sync/internal/database/minio/repository.go:138.28,140.17 2 8
github.com/savabush/obsidian-sync/internal/database/minio/repository.go:140.17,142.4 1 0
github.com/savabush/obsidian-sync/internal/database/minio/repository.go:143.3,146.17 3 8
github.com/savabush/obsidian-sync/internal/database/minio/repository.go:146.17,148.4 1 0
github.com/savabush/obsidian-sync/internal/database/minio/repository.go:150.3,151.19 2 8
github.com/savabush/obsidian-sync/internal/database/minio/repository.go:152.8,154.3 1 0
github.com/savabush/obsidian-sync/internal/database/minio/repository.go:156.2,158.16 3 10
github.com/savabush/obsidian-sync/internal/database/minio/repository.go:158.16,160.3 1 7
github.com/savabush/obsidian-sync/internal/database/minio/repository.go:162.2,163.12 2 3
github.com/savabush/obsidian-sync/internal/database/minio/repository.go:170.56,177.85 5 2
github.com/savabush/obsidian-sync/internal/database/minio/repository.go:177.85,178.17 1 6
github.com/savabush/obsidian-sync/internal/database/minio/repository.go:178.17,180.4 1 0
github.com/savabush/obsidian-sync/internal/database/minio/repository.go:181.3,181.19 1 6
github.com/savabush/obsidian-sync/internal/database/minio/repository.go:181.19,183.4 1 2
github.com/savabush/obsidian-sync/internal/database/minio/repository.go:185.3,186.17 2 4
github.com/savabush/obsidian-sync/internal/database/minio/repository.go:186.17,188.4 1 0
github.com/savabush/obsidian-sync/internal/database/minio/repository.go:190.3,191.40 2 4
github.com/savabush/obsidian-sync/internal/database/minio/repository.go:191.40,194.17 3 4
github.com/savabush/obsidian-sync/internal/database/minio/repository.go:194.17,194.32 1 4
github.com/savabush/obsidian-sync/internal/database/minio/repository.go:196.4,201.50 2 4
github.com/savabush/obsidian-sync/internal/database/minio/repository.go:201.50,203.5 1 2
github.com/savabush/obsidian-sync/internal/database/minio/repository.go:206.3,206.13 1 4
github.com/savabush/obsidian-sync/internal/database/minio/repository.go:209.2,209.16 1 2
github.com/savabush/obsidian-sync/internal/database/minio/repository.go:209.16,211.3 1 0
github.com/savabush/obsidian-sync/internal/database/minio/repository.go:214.2,219.27 4 2
github.com/savabush/obsidian-sync/internal/database/minio/repository.go:219.27,221.3 1 2
github.com/savabush/obsidian-sync/internal/database/minio/repository.go:223.2,223.19 1 2
github.com/savabush/obsidian-sync/internal/database/minio/repository.go:223.19,225.3 1 1
github.com/savabush/obsidian-sync/internal/database/minio/repository.go:227.2,227.12 1 1
github.com/savabush/obsidian-sync/internal/database/minio/repository.go:234.55,236.54 2 4
github.com/savabush/obsidian-sync/internal/database/minio/repository.go:236.54,237.18 1 8
github.com/savabush/obsidian-sync/internal/database/minio/repository.go:237.18,240.4 2 4
github.com/savabush/obsidian-sync/internal/database/minio/repository.go:242.3,243.67 2 8
github.com/savabush/obsidian-sync/internal/database/minio/repository.go:243.67,245.12 2 0
github.com/savabush/obsidian-sync/internal/database/minio/repository.go:247.3,247.13 1 8
github.com/savabush/obsidian-sync/internal/database/minio/repository.go:247.13,249.4 1 0
github.com/savabush/obsidian-sync/internal/database/minio/repository.go:251.3,251.44 1 8
github.com/savabush/obsidian-sync/internal/database/minio/repository.go:251.44,253.4 1 2
github.com/savabush/obsidian-sync/internal/database/minio/repository.go:253.9,255.4 1 6
github.com/savabush/obsidian-sync/internal/database/minio/repository.go:257.2,257.74 1 2
github.com/savabush/obsidian-sync/internal/database/minio/repository.go:263.69,265.16 2 10
github.com/savabush/obsidian-sync/internal/database/minio/repository.go:265.16,266.53 1 9
github.com/savabush/obsidian-sync/internal/database/minio/repository.go:266.53,268.4 1 9
github.com/savabush/obsidian-sync/internal/database/minio/repository.go:269.3,269.20 1 0
github.com/savabush/obsidian-sync/internal/database/minio/repository.go:271.2,271.18 1 1
github.com/savabush/obsidian-sync/internal/database/minio/repository.go:275.47,277.2 1 1
github.com/savabush/obsidian-sync/internal/database/minio/repository.go:280.41,282.2 1 2
github.com/savabush/obsidian-sync/internal/database/minio/repository.go:285.52,287.2 1 7
